<?xml version="1.0" encoding="UTF-8"?>
<robot generator="Robot 3.1.2 (Python 3.7.4 on darwin)" generated="20191010 16:58:48.151" rpa="false">
<suite id="s1" name="Timesheet" source="/Users/sckshuhari/sck-internship/timesheet/atdd/ui/timesheet.robot">
<test id="s1-t1" name="เพิ่ม timesheet และดูผลสรุปในหน้า PAYMENTS">
<kw name="เปิด Browser">
<kw name="Open Browser" library="SeleniumLibrary">
<doc>Opens a new browser instance to the given ``url``.</doc>
<arguments>
<arg>${URL_PAYMENTS}</arg>
<arg>chrome</arg>
</arguments>
<msg timestamp="20191010 16:58:48.453" level="INFO">Opening browser 'chrome' to base url 'http://localhost:3000/showSummaryTimesheet'.</msg>
<status status="PASS" starttime="20191010 16:58:48.453" endtime="20191010 16:58:52.199"></status>
</kw>
<status status="PASS" starttime="20191010 16:58:48.452" endtime="20191010 16:58:52.202"></status>
</kw>
<status status="PASS" starttime="20191010 16:58:48.450" endtime="20191010 16:58:52.205" critical="yes"></status>
</test>
<status status="PASS" starttime="20191010 16:58:48.153" endtime="20191010 16:58:52.212"></status>
</suite>
<statistics>
<total>
<stat pass="1" fail="0">Critical Tests</stat>
<stat pass="1" fail="0">All Tests</stat>
</total>
<tag>
</tag>
<suite>
<stat pass="1" fail="0" id="s1" name="Timesheet">Timesheet</stat>
</suite>
</statistics>
<errors>
<msg timestamp="20191010 16:58:48.146" level="WARN">Error in file '/Users/sckshuhari/sck-internship/timesheet/atdd/ui/timesheet.robot': Section name 'Testcases' is deprecated. Use 'Test Cases' instead.</msg>
</errors>
</robot>
